TN:
SF:src/services/store.ts
FN:35,useDispatch
FNF:1
FNH:0
FNDA:0,useDispatch
DA:1,1
DA:2,1
DA:3,1
DA:4,1
DA:5,1
DA:6,1
DA:7,1
DA:8,1
DA:9,1
DA:10,1
DA:11,1
DA:12,1
DA:13,1
DA:14,1
DA:15,1
DA:16,1
DA:17,1
DA:18,1
DA:19,1
DA:20,1
DA:21,1
DA:22,1
DA:23,1
DA:24,1
DA:25,1
DA:26,1
DA:27,1
DA:28,1
DA:29,1
DA:30,1
DA:31,1
DA:32,1
DA:33,1
DA:34,1
DA:35,1
DA:36,1
DA:37,1
DA:38,1
LF:38
LH:38
BRF:0
BRH:0
end_of_record
TN:
SF:src/services/BurgerConstructor/slice/BurgerConstructorSlice.ts
FN:18,addIngredients
FN:25,removeBurgerIngredient
FN:30,clearIngredietns
FN:34,moveIngredientUp
FN:44,moveIngredientDown
FN:56,getBurgerAllSelector
FNF:6
FNH:6
FNDA:8,addIngredients
FNDA:1,removeBurgerIngredient
FNDA:1,clearIngredietns
FNDA:1,moveIngredientUp
FNDA:1,moveIngredientDown
FNDA:2,getBurgerAllSelector
DA:1,1
DA:2,1
DA:3,1
DA:4,1
DA:5,1
DA:6,1
DA:7,1
DA:8,1
DA:9,1
DA:10,1
DA:11,1
DA:12,1
DA:13,1
DA:14,1
DA:15,1
DA:16,1
DA:17,1
DA:18,1
DA:19,8
DA:20,1
DA:21,8
DA:22,7
DA:23,7
DA:24,1
DA:25,1
DA:26,1
DA:27,1
DA:28,1
DA:29,1
DA:30,1
DA:31,1
DA:32,1
DA:33,1
DA:34,1
DA:35,1
DA:36,1
DA:37,1
DA:38,1
DA:39,1
DA:40,1
DA:41,1
DA:42,1
DA:43,1
DA:44,1
DA:45,1
DA:46,1
DA:47,1
DA:48,1
DA:49,1
DA:50,1
DA:51,1
DA:52,1
DA:53,1
DA:54,1
DA:55,1
DA:56,1
DA:57,2
DA:58,2
DA:59,2
DA:60,1
DA:61,1
DA:62,1
DA:63,1
DA:64,1
DA:65,1
LF:65
LH:65
BRDA:18,0,0,8
BRDA:19,1,0,1
BRDA:21,2,0,7
BRDA:25,3,0,1
BRDA:27,4,0,1
BRDA:30,5,0,1
BRDA:34,6,0,1
BRDA:36,7,0,2
BRDA:44,8,0,1
BRDA:46,9,0,1
BRDA:56,10,0,2
BRF:11
BRH:11
end_of_record
TN:
SF:src/services/Feed/slice/FeedSlice.ts
FN:2,_regeneratorRuntime
FN:2,o
FN:2,define
FN:2,define
FN:2,wrap
FN:2,tryCatch
FN:2,Generator
FN:2,GeneratorFunction
FN:2,GeneratorFunctionPrototype
FN:2,defineIteratorMethods
FN:2,AsyncIterator
FN:2,makeInvokeMethod
FN:2,maybeInvokeDelegate
FN:2,pushTryEntry
FN:2,resetTryEntry
FN:2,Context
FN:2,values
FN:2,next
FN:2,e.isGeneratorFunction
FN:2,e.mark
FN:2,e.awrap
FN:2,e.async
FN:2,e.keys
FN:2,reset
FN:2,stop
FN:2,dispatchException
FN:2,abrupt
FN:2,complete
FN:2,finish
FN:2,_catch
FN:2,delegateYield
FN:2,_objectWithoutProperties
FN:2,_objectWithoutPropertiesLoose
FN:2,asyncGeneratorStep
FN:2,_asyncToGenerator
FN:17,_callee
FN:27,extraReducers
FN:46,selectFeeds
FN:47,selectOrders
FN:48,selectTotals
FN:53,selectIsLoading
FNF:41
FNH:10
FNDA:0,_regeneratorRuntime
FNDA:0,o
FNDA:13,define
FNDA:0,define
FNDA:0,wrap
FNDA:0,tryCatch
FNDA:0,Generator
FNDA:0,GeneratorFunction
FNDA:0,GeneratorFunctionPrototype
FNDA:2,defineIteratorMethods
FNDA:0,AsyncIterator
FNDA:0,makeInvokeMethod
FNDA:0,maybeInvokeDelegate
FNDA:0,pushTryEntry
FNDA:0,resetTryEntry
FNDA:0,Context
FNDA:1,values
FNDA:0,next
FNDA:0,e.isGeneratorFunction
FNDA:1,e.mark
FNDA:0,e.awrap
FNDA:0,e.async
FNDA:0,e.keys
FNDA:0,reset
FNDA:0,stop
FNDA:0,dispatchException
FNDA:0,abrupt
FNDA:0,complete
FNDA:0,finish
FNDA:0,_catch
FNDA:0,delegateYield
FNDA:0,_objectWithoutProperties
FNDA:0,_objectWithoutPropertiesLoose
FNDA:0,asyncGeneratorStep
FNDA:1,_asyncToGenerator
FNDA:0,_callee
FNDA:1,extraReducers
FNDA:1,selectFeeds
FNDA:1,selectOrders
FNDA:1,selectTotals
FNDA:2,selectIsLoading
DA:1,1
DA:2,0
DA:3,1
DA:4,1
DA:5,1
DA:6,1
DA:7,1
DA:8,1
DA:9,1
DA:10,1
DA:11,1
DA:12,1
DA:13,1
DA:14,1
DA:15,1
DA:16,1
DA:17,1
DA:18,0
DA:19,0
DA:20,0
DA:21,1
DA:22,1
DA:23,1
DA:24,1
DA:25,1
DA:26,1
DA:27,1
DA:28,1
DA:29,1
DA:30,2
DA:31,2
DA:32,1
DA:33,1
DA:34,1
DA:35,1
DA:36,5
DA:37,5
DA:38,5
DA:39,1
DA:40,1
DA:41,1
DA:42,1
DA:43,1
DA:44,1
DA:45,1
DA:46,1
DA:47,1
DA:48,1
DA:49,1
DA:50,1
DA:51,1
DA:52,1
DA:53,1
DA:54,1
DA:55,1
DA:56,1
DA:57,1
DA:58,1
DA:59,1
DA:60,1
LF:60
LH:56
BRDA:2,0,0,0
BRDA:2,1,0,0
BRDA:2,2,0,0
BRDA:2,3,0,0
BRDA:2,4,0,0
BRDA:2,5,0,0
BRDA:2,6,0,13
BRDA:2,7,0,2
BRDA:2,8,0,6
BRDA:2,9,0,1
BRDA:2,10,0,0
BRDA:2,11,0,0
BRDA:2,12,0,0
BRDA:2,13,0,1
BRDA:2,14,0,0
BRDA:2,15,0,1
BRDA:27,16,0,1
BRDA:29,17,0,2
BRDA:35,18,0,5
BRDA:40,19,0,1
BRDA:46,20,0,1
BRDA:47,21,0,1
BRDA:47,22,0,0
BRDA:47,23,0,0
BRDA:48,24,0,1
BRDA:49,25,0,0
BRDA:49,26,0,0
BRDA:50,27,0,0
BRDA:50,28,0,0
BRDA:53,29,0,2
BRF:30
BRH:14
end_of_record
TN:
SF:src/services/Ingredients/slice/IngredientsSlice.ts
FN:2,_regeneratorRuntime
FN:2,o
FN:2,define
FN:2,define
FN:2,wrap
FN:2,tryCatch
FN:2,Generator
FN:2,GeneratorFunction
FN:2,GeneratorFunctionPrototype
FN:2,defineIteratorMethods
FN:2,AsyncIterator
FN:2,makeInvokeMethod
FN:2,maybeInvokeDelegate
FN:2,pushTryEntry
FN:2,resetTryEntry
FN:2,Context
FN:2,values
FN:2,next
FN:2,e.isGeneratorFunction
FN:2,e.mark
FN:2,e.awrap
FN:2,e.async
FN:2,e.keys
FN:2,reset
FN:2,stop
FN:2,dispatchException
FN:2,abrupt
FN:2,complete
FN:2,finish
FN:2,_catch
FN:2,delegateYield
FN:2,asyncGeneratorStep
FN:2,_asyncToGenerator
FN:19,_callee
FN:29,extraReducers
FN:48,selectIngredients
FN:49,selectIsLoading
FNF:37
FNH:8
FNDA:0,_regeneratorRuntime
FNDA:0,o
FNDA:13,define
FNDA:0,define
FNDA:0,wrap
FNDA:0,tryCatch
FNDA:0,Generator
FNDA:0,GeneratorFunction
FNDA:0,GeneratorFunctionPrototype
FNDA:2,defineIteratorMethods
FNDA:0,AsyncIterator
FNDA:0,makeInvokeMethod
FNDA:0,maybeInvokeDelegate
FNDA:0,pushTryEntry
FNDA:0,resetTryEntry
FNDA:0,Context
FNDA:1,values
FNDA:0,next
FNDA:0,e.isGeneratorFunction
FNDA:1,e.mark
FNDA:0,e.awrap
FNDA:0,e.async
FNDA:0,e.keys
FNDA:0,reset
FNDA:0,stop
FNDA:0,dispatchException
FNDA:0,abrupt
FNDA:0,complete
FNDA:0,finish
FNDA:0,_catch
FNDA:0,delegateYield
FNDA:0,asyncGeneratorStep
FNDA:1,_asyncToGenerator
FNDA:0,_callee
FNDA:1,extraReducers
FNDA:1,selectIngredients
FNDA:2,selectIsLoading
DA:1,1
DA:2,0
DA:3,1
DA:4,1
DA:5,1
DA:6,1
DA:7,1
DA:8,1
DA:9,1
DA:10,1
DA:11,1
DA:12,1
DA:13,1
DA:14,1
DA:15,1
DA:16,1
DA:17,1
DA:18,1
DA:19,1
DA:20,0
DA:21,0
DA:22,0
DA:23,1
DA:24,1
DA:25,1
DA:26,1
DA:27,1
DA:28,1
DA:29,1
DA:30,1
DA:31,1
DA:32,2
DA:33,2
DA:34,1
DA:35,1
DA:36,1
DA:37,1
DA:38,3
DA:39,3
DA:40,3
DA:41,1
DA:42,1
DA:43,1
DA:44,1
DA:45,1
DA:46,1
DA:47,1
DA:48,1
DA:49,1
DA:50,1
DA:51,1
DA:52,1
DA:53,1
DA:54,1
DA:55,1
LF:55
LH:51
BRDA:2,0,0,0
BRDA:2,1,0,0
BRDA:2,2,0,0
BRDA:2,3,0,0
BRDA:2,4,0,0
BRDA:2,5,0,0
BRDA:2,6,0,13
BRDA:2,7,0,2
BRDA:2,8,0,6
BRDA:2,9,0,1
BRDA:2,10,0,0
BRDA:2,11,0,0
BRDA:2,12,0,0
BRDA:2,13,0,1
BRDA:2,14,0,0
BRDA:2,15,0,1
BRDA:29,16,0,1
BRDA:31,17,0,2
BRDA:37,18,0,3
BRDA:42,19,0,1
BRDA:48,20,0,1
BRDA:49,21,0,2
BRF:22
BRH:12
end_of_record
TN:
SF:src/services/Order/slice/OrderSlice.ts
FN:2,asyncGeneratorStep
FN:2,_asyncToGenerator
FN:20,_callee
FN:29,_callee2
FN:40,clearOrder
FN:46,extraReducers
FN:77,selectInfoOrder
FN:78,selectIsLoading
FNF:8
FNH:5
FNDA:0,asyncGeneratorStep
FNDA:2,_asyncToGenerator
FNDA:0,_callee
FNDA:0,_callee2
FNDA:1,clearOrder
FNDA:1,extraReducers
FNDA:1,selectInfoOrder
FNDA:2,selectIsLoading
DA:1,1
DA:2,0
DA:3,1
DA:4,1
DA:5,1
DA:6,1
DA:7,1
DA:8,1
DA:9,1
DA:10,1
DA:11,1
DA:12,1
DA:13,1
DA:14,1
DA:15,1
DA:16,1
DA:17,1
DA:18,1
DA:19,1
DA:20,1
DA:21,0
DA:22,0
DA:23,0
DA:24,1
DA:25,1
DA:26,1
DA:27,1
DA:28,1
DA:29,1
DA:30,0
DA:31,0
DA:32,0
DA:33,1
DA:34,1
DA:35,1
DA:36,1
DA:37,1
DA:38,1
DA:39,1
DA:40,1
DA:41,1
DA:42,1
DA:43,1
DA:44,1
DA:45,1
DA:46,1
DA:47,1
DA:48,1
DA:49,2
DA:50,2
DA:51,1
DA:52,1
DA:53,4
DA:54,4
DA:55,4
DA:56,1
DA:57,1
DA:58,1
DA:59,1
DA:60,1
DA:61,1
DA:62,1
DA:63,1
DA:64,1
DA:65,1
DA:66,1
DA:67,1
DA:68,1
DA:69,1
DA:70,1
DA:71,1
DA:72,1
DA:73,1
DA:74,1
DA:75,1
DA:76,1
DA:77,1
DA:78,1
DA:79,1
DA:80,1
DA:81,1
DA:82,1
DA:83,1
DA:84,1
LF:84
LH:77
BRDA:2,0,0,2
BRDA:19,1,0,1
BRDA:28,2,0,1
BRDA:40,3,0,1
BRDA:46,4,0,1
BRDA:48,5,0,2
BRDA:52,6,0,4
BRDA:57,7,0,1
BRDA:62,8,0,1
BRDA:66,9,0,1
BRDA:71,10,0,1
BRDA:77,11,0,1
BRDA:78,12,0,2
BRF:13
BRH:13
end_of_record
TN:
SF:src/services/Profile/slice/ProfileSlice.ts
FN:2,_regeneratorRuntime
FN:2,o
FN:2,define
FN:2,define
FN:2,wrap
FN:2,tryCatch
FN:2,Generator
FN:2,GeneratorFunction
FN:2,GeneratorFunctionPrototype
FN:2,defineIteratorMethods
FN:2,AsyncIterator
FN:2,makeInvokeMethod
FN:2,maybeInvokeDelegate
FN:2,pushTryEntry
FN:2,resetTryEntry
FN:2,Context
FN:2,values
FN:2,next
FN:2,e.isGeneratorFunction
FN:2,e.mark
FN:2,e.awrap
FN:2,e.async
FN:2,e.keys
FN:2,reset
FN:2,stop
FN:2,dispatchException
FN:2,abrupt
FN:2,complete
FN:2,finish
FN:2,_catch
FN:2,delegateYield
FN:2,asyncGeneratorStep
FN:2,_asyncToGenerator
FN:22,_callee
FN:32,extraReducers
FN:51,selectProfile
FN:52,selectIsLoading
FNF:37
FNH:8
FNDA:0,_regeneratorRuntime
FNDA:0,o
FNDA:13,define
FNDA:0,define
FNDA:0,wrap
FNDA:0,tryCatch
FNDA:0,Generator
FNDA:0,GeneratorFunction
FNDA:0,GeneratorFunctionPrototype
FNDA:2,defineIteratorMethods
FNDA:0,AsyncIterator
FNDA:0,makeInvokeMethod
FNDA:0,maybeInvokeDelegate
FNDA:0,pushTryEntry
FNDA:0,resetTryEntry
FNDA:0,Context
FNDA:1,values
FNDA:0,next
FNDA:0,e.isGeneratorFunction
FNDA:1,e.mark
FNDA:0,e.awrap
FNDA:0,e.async
FNDA:0,e.keys
FNDA:0,reset
FNDA:0,stop
FNDA:0,dispatchException
FNDA:0,abrupt
FNDA:0,complete
FNDA:0,finish
FNDA:0,_catch
FNDA:0,delegateYield
FNDA:0,asyncGeneratorStep
FNDA:1,_asyncToGenerator
FNDA:0,_callee
FNDA:1,extraReducers
FNDA:1,selectProfile
FNDA:2,selectIsLoading
DA:1,1
DA:2,0
DA:3,1
DA:4,1
DA:5,1
DA:6,1
DA:7,1
DA:8,1
DA:9,1
DA:10,1
DA:11,1
DA:12,1
DA:13,1
DA:14,1
DA:15,1
DA:16,1
DA:17,1
DA:18,1
DA:19,1
DA:20,1
DA:21,1
DA:22,1
DA:23,0
DA:24,0
DA:25,0
DA:26,1
DA:27,1
DA:28,1
DA:29,1
DA:30,1
DA:31,1
DA:32,1
DA:33,1
DA:34,1
DA:35,2
DA:36,2
DA:37,1
DA:38,1
DA:39,1
DA:40,1
DA:41,3
DA:42,3
DA:43,3
DA:44,1
DA:45,1
DA:46,1
DA:47,1
DA:48,1
DA:49,1
DA:50,1
DA:51,1
DA:52,1
DA:53,1
DA:54,1
DA:55,1
DA:56,1
DA:57,1
DA:58,1
LF:58
LH:54
BRDA:2,0,0,0
BRDA:2,1,0,0
BRDA:2,2,0,0
BRDA:2,3,0,0
BRDA:2,4,0,0
BRDA:2,5,0,0
BRDA:2,6,0,13
BRDA:2,7,0,2
BRDA:2,8,0,6
BRDA:2,9,0,1
BRDA:2,10,0,0
BRDA:2,11,0,0
BRDA:2,12,0,0
BRDA:2,13,0,1
BRDA:2,14,0,0
BRDA:2,15,0,1
BRDA:32,16,0,1
BRDA:34,17,0,2
BRDA:40,18,0,3
BRDA:45,19,0,1
BRDA:51,20,0,1
BRDA:52,21,0,2
BRF:22
BRH:12
end_of_record
TN:
SF:src/services/ProfileOrder/slice/ProfileOrder.ts
FN:2,_regeneratorRuntime
FN:2,o
FN:2,define
FN:2,define
FN:2,wrap
FN:2,tryCatch
FN:2,Generator
FN:2,GeneratorFunction
FN:2,GeneratorFunctionPrototype
FN:2,defineIteratorMethods
FN:2,AsyncIterator
FN:2,makeInvokeMethod
FN:2,maybeInvokeDelegate
FN:2,pushTryEntry
FN:2,resetTryEntry
FN:2,Context
FN:2,values
FN:2,next
FN:2,e.isGeneratorFunction
FN:2,e.mark
FN:2,e.awrap
FN:2,e.async
FN:2,e.keys
FN:2,reset
FN:2,stop
FN:2,dispatchException
FN:2,abrupt
FN:2,complete
FN:2,finish
FN:2,_catch
FN:2,delegateYield
FN:2,asyncGeneratorStep
FN:2,_asyncToGenerator
FN:19,_callee
FN:30,extraReducers
FN:49,selectProfileOrder
FN:50,selectIsLoading
FNF:37
FNH:8
FNDA:0,_regeneratorRuntime
FNDA:0,o
FNDA:13,define
FNDA:0,define
FNDA:0,wrap
FNDA:0,tryCatch
FNDA:0,Generator
FNDA:0,GeneratorFunction
FNDA:0,GeneratorFunctionPrototype
FNDA:2,defineIteratorMethods
FNDA:0,AsyncIterator
FNDA:0,makeInvokeMethod
FNDA:0,maybeInvokeDelegate
FNDA:0,pushTryEntry
FNDA:0,resetTryEntry
FNDA:0,Context
FNDA:1,values
FNDA:0,next
FNDA:0,e.isGeneratorFunction
FNDA:1,e.mark
FNDA:0,e.awrap
FNDA:0,e.async
FNDA:0,e.keys
FNDA:0,reset
FNDA:0,stop
FNDA:0,dispatchException
FNDA:0,abrupt
FNDA:0,complete
FNDA:0,finish
FNDA:0,_catch
FNDA:0,delegateYield
FNDA:0,asyncGeneratorStep
FNDA:1,_asyncToGenerator
FNDA:0,_callee
FNDA:1,extraReducers
FNDA:1,selectProfileOrder
FNDA:2,selectIsLoading
DA:1,1
DA:2,0
DA:3,1
DA:4,1
DA:5,1
DA:6,1
DA:7,1
DA:8,1
DA:9,1
DA:10,1
DA:11,1
DA:12,1
DA:13,1
DA:14,1
DA:15,1
DA:16,1
DA:17,1
DA:18,1
DA:19,1
DA:20,0
DA:21,0
DA:22,0
DA:23,0
DA:24,1
DA:25,1
DA:26,1
DA:27,1
DA:28,1
DA:29,1
DA:30,1
DA:31,1
DA:32,1
DA:33,2
DA:34,2
DA:35,1
DA:36,1
DA:37,1
DA:38,1
DA:39,3
DA:40,3
DA:41,3
DA:42,1
DA:43,1
DA:44,1
DA:45,1
DA:46,1
DA:47,1
DA:48,1
DA:49,1
DA:50,1
DA:51,1
DA:52,1
DA:53,1
DA:54,1
DA:55,1
DA:56,1
DA:57,1
LF:57
LH:52
BRDA:2,0,0,0
BRDA:2,1,0,0
BRDA:2,2,0,0
BRDA:2,3,0,0
BRDA:2,4,0,0
BRDA:2,5,0,0
BRDA:2,6,0,13
BRDA:2,7,0,2
BRDA:2,8,0,6
BRDA:2,9,0,1
BRDA:2,10,0,0
BRDA:2,11,0,0
BRDA:2,12,0,0
BRDA:2,13,0,1
BRDA:2,14,0,0
BRDA:2,15,0,1
BRDA:30,16,0,1
BRDA:32,17,0,2
BRDA:38,18,0,3
BRDA:43,19,0,1
BRDA:49,20,0,1
BRDA:50,21,0,2
BRF:22
BRH:12
end_of_record
TN:
SF:src/services/User/slice/UserSlice.ts
FN:2,asyncGeneratorStep
FN:2,_asyncToGenerator
FN:30,_callee
FN:47,_callee2
FN:64,_callee3
FN:78,_callee4
FN:93,_callee5
FN:114,extraReducers
FN:189,selectUser
FN:190,selectInited
FN:191,selectIsLoading
FNF:11
FNH:5
FNDA:0,asyncGeneratorStep
FNDA:5,_asyncToGenerator
FNDA:0,_callee
FNDA:0,_callee2
FNDA:0,_callee3
FNDA:0,_callee4
FNDA:0,_callee5
FNDA:1,extraReducers
FNDA:1,selectUser
FNDA:2,selectInited
FNDA:2,selectIsLoading
DA:1,1
DA:2,0
DA:3,1
DA:4,1
DA:5,1
DA:6,1
DA:7,1
DA:8,1
DA:9,1
DA:10,1
DA:11,1
DA:12,1
DA:13,1
DA:14,1
DA:15,1
DA:16,1
DA:17,1
DA:18,1
DA:19,1
DA:20,1
DA:21,1
DA:22,1
DA:23,1
DA:24,1
DA:25,1
DA:26,1
DA:27,1
DA:28,1
DA:29,1
DA:30,1
DA:31,0
DA:32,0
DA:33,0
DA:34,0
DA:35,0
DA:36,0
DA:37,0
DA:38,0
DA:39,0
DA:40,0
DA:41,1
DA:42,1
DA:43,1
DA:44,1
DA:45,1
DA:46,1
DA:47,1
DA:48,0
DA:49,0
DA:50,0
DA:51,0
DA:52,0
DA:53,0
DA:54,0
DA:55,0
DA:56,0
DA:57,0
DA:58,1
DA:59,1
DA:60,1
DA:61,1
DA:62,1
DA:63,1
DA:64,1
DA:65,0
DA:66,0
DA:67,0
DA:68,0
DA:69,0
DA:70,0
DA:71,0
DA:72,1
DA:73,1
DA:74,1
DA:75,1
DA:76,1
DA:77,1
DA:78,1
DA:79,0
DA:80,0
DA:81,0
DA:82,0
DA:83,0
DA:84,0
DA:85,0
DA:86,0
DA:87,1
DA:88,1
DA:89,1
DA:90,1
DA:91,1
DA:92,1
DA:93,1
DA:94,0
DA:95,0
DA:96,0
DA:97,0
DA:98,0
DA:99,0
DA:100,0
DA:101,0
DA:102,0
DA:103,0
DA:104,0
DA:105,0
DA:106,1
DA:107,1
DA:108,1
DA:109,1
DA:110,1
DA:111,1
DA:112,1
DA:113,1
DA:114,1
DA:115,1
DA:116,1
DA:117,1
DA:118,1
DA:119,1
DA:120,1
DA:121,1
DA:122,1
DA:123,1
DA:124,1
DA:125,1
DA:126,1
DA:127,1
DA:128,1
DA:129,1
DA:130,1
DA:131,1
DA:132,1
DA:133,2
DA:134,2
DA:135,1
DA:136,1
DA:137,6
DA:138,6
DA:139,6
DA:140,1
DA:141,1
DA:142,1
DA:143,1
DA:144,1
DA:145,1
DA:146,1
DA:147,1
DA:148,1
DA:149,1
DA:150,1
DA:151,1
DA:152,1
DA:153,1
DA:154,1
DA:155,1
DA:156,1
DA:157,1
DA:158,1
DA:159,1
DA:160,1
DA:161,1
DA:162,1
DA:163,1
DA:164,1
DA:165,1
DA:166,1
DA:167,1
DA:168,1
DA:169,1
DA:170,1
DA:171,1
DA:172,1
DA:173,1
DA:174,1
DA:175,1
DA:176,1
DA:177,1
DA:178,1
DA:179,2
DA:180,2
DA:181,2
DA:182,1
DA:183,1
DA:184,1
DA:185,1
DA:186,1
DA:187,1
DA:188,1
DA:189,1
DA:190,1
DA:191,1
DA:192,1
DA:193,1
DA:194,1
DA:195,1
DA:196,1
DA:197,1
DA:198,1
LF:198
LH:150
BRDA:2,0,0,5
BRDA:29,1,0,1
BRDA:46,2,0,1
BRDA:63,3,0,1
BRDA:77,4,0,1
BRDA:92,5,0,1
BRDA:114,6,0,1
BRDA:116,7,0,1
BRDA:122,8,0,1
BRDA:127,9,0,1
BRDA:132,10,0,2
BRDA:136,11,0,6
BRDA:141,12,0,1
BRDA:146,13,0,1
BRDA:150,14,0,1
BRDA:155,15,0,1
BRDA:160,16,0,1
BRDA:164,17,0,1
BRDA:169,18,0,1
BRDA:174,19,0,1
BRDA:178,20,0,2
BRDA:183,21,0,1
BRDA:189,22,0,1
BRDA:190,23,0,2
BRDA:191,24,0,2
BRF:25
BRH:25
end_of_record
TN:
SF:src/utils/burger-api.ts
FN:2,_regeneratorRuntime
FN:2,_regeneratorRuntime
FN:2,o
FN:2,define
FN:2,define
FN:2,wrap
FN:2,tryCatch
FN:2,Generator
FN:2,GeneratorFunction
FN:2,GeneratorFunctionPrototype
FN:2,defineIteratorMethods
FN:2,AsyncIterator
FN:2,makeInvokeMethod
FN:2,maybeInvokeDelegate
FN:2,pushTryEntry
FN:2,resetTryEntry
FN:2,Context
FN:2,values
FN:2,next
FN:2,e.isGeneratorFunction
FN:2,e.mark
FN:2,e.awrap
FN:2,e.async
FN:2,e.keys
FN:2,reset
FN:2,stop
FN:2,dispatchException
FN:2,abrupt
FN:2,complete
FN:2,finish
FN:2,_catch
FN:2,delegateYield
FN:2,asyncGeneratorStep
FN:2,_asyncToGenerator
FN:6,checkResponse
FN:18,refreshToken
FN:38,_callee
FN:74,getIngredientsApi
FN:82,getFeedsApi
FN:90,getOrdersApi
FN:107,orderBurgerApi
FN:126,getOrderByNumberApi
FN:146,registerUserApi
FN:165,loginUserApi
FN:179,forgotPasswordApi
FN:193,resetPasswordApi
FN:209,getUserApi
FN:216,updateUserApi
FN:226,logoutApi
FNF:49
FNH:6
FNDA:1,_regeneratorRuntime
FNDA:0,_regeneratorRuntime
FNDA:0,o
FNDA:13,define
FNDA:0,define
FNDA:0,wrap
FNDA:0,tryCatch
FNDA:0,Generator
FNDA:0,GeneratorFunction
FNDA:0,GeneratorFunctionPrototype
FNDA:2,defineIteratorMethods
FNDA:0,AsyncIterator
FNDA:0,makeInvokeMethod
FNDA:0,maybeInvokeDelegate
FNDA:0,pushTryEntry
FNDA:0,resetTryEntry
FNDA:0,Context
FNDA:1,values
FNDA:0,next
FNDA:0,e.isGeneratorFunction
FNDA:1,e.mark
FNDA:0,e.awrap
FNDA:0,e.async
FNDA:0,e.keys
FNDA:0,reset
FNDA:0,stop
FNDA:0,dispatchException
FNDA:0,abrupt
FNDA:0,complete
FNDA:0,finish
FNDA:0,_catch
FNDA:0,delegateYield
FNDA:0,asyncGeneratorStep
FNDA:1,_asyncToGenerator
FNDA:0,checkResponse
FNDA:0,refreshToken
FNDA:0,_callee
FNDA:0,getIngredientsApi
FNDA:0,getFeedsApi
FNDA:0,getOrdersApi
FNDA:0,orderBurgerApi
FNDA:0,getOrderByNumberApi
FNDA:0,registerUserApi
FNDA:0,loginUserApi
FNDA:0,forgotPasswordApi
FNDA:0,resetPasswordApi
FNDA:0,getUserApi
FNDA:0,updateUserApi
FNDA:0,logoutApi
DA:1,1
DA:2,0
DA:3,1
DA:4,1
DA:5,1
DA:6,1
DA:7,0
DA:8,1
DA:9,1
DA:10,1
DA:11,1
DA:12,1
DA:13,1
DA:14,1
DA:15,1
DA:16,1
DA:17,1
DA:18,1
DA:19,0
DA:20,0
DA:21,0
DA:22,0
DA:23,0
DA:24,0
DA:25,0
DA:26,0
DA:27,0
DA:28,0
DA:29,0
DA:30,0
DA:31,0
DA:32,0
DA:33,0
DA:34,0
DA:35,0
DA:36,0
DA:37,1
DA:38,1
DA:39,0
DA:40,0
DA:41,0
DA:42,0
DA:43,0
DA:44,0
DA:45,0
DA:46,0
DA:47,0
DA:48,0
DA:49,0
DA:50,0
DA:51,0
DA:52,0
DA:53,0
DA:54,0
DA:55,0
DA:56,1
DA:57,1
DA:58,1
DA:59,1
DA:60,1
DA:61,1
DA:62,1
DA:63,1
DA:64,1
DA:65,1
DA:66,1
DA:67,1
DA:68,1
DA:69,1
DA:70,1
DA:71,1
DA:72,1
DA:73,1
DA:74,1
DA:75,0
DA:76,0
DA:77,0
DA:78,0
DA:79,0
DA:80,0
DA:81,1
DA:82,1
DA:83,0
DA:84,0
DA:85,0
DA:86,0
DA:87,0
DA:88,0
DA:89,1
DA:90,1
DA:91,0
DA:92,0
DA:93,0
DA:94,0
DA:95,0
DA:96,0
DA:97,0
DA:98,0
DA:99,0
DA:100,0
DA:101,1
DA:102,1
DA:103,1
DA:104,1
DA:105,1
DA:106,1
DA:107,1
DA:108,0
DA:109,0
DA:110,0
DA:111,0
DA:112,0
DA:113,0
DA:114,0
DA:115,0
DA:116,0
DA:117,0
DA:118,0
DA:119,0
DA:120,0
DA:121,1
DA:122,1
DA:123,1
DA:124,1
DA:125,1
DA:126,1
DA:127,0
DA:128,0
DA:129,0
DA:130,0
DA:131,0
DA:132,0
DA:133,1
DA:134,1
DA:135,1
DA:136,1
DA:137,1
DA:138,1
DA:139,1
DA:140,1
DA:141,1
DA:142,1
DA:143,1
DA:144,1
DA:145,1
DA:146,1
DA:147,0
DA:148,0
DA:149,0
DA:150,0
DA:151,0
DA:152,0
DA:153,0
DA:154,0
DA:155,0
DA:156,0
DA:157,0
DA:158,0
DA:159,1
DA:160,1
DA:161,1
DA:162,1
DA:163,1
DA:164,1
DA:165,1
DA:166,0
DA:167,0
DA:168,0
DA:169,0
DA:170,0
DA:171,0
DA:172,0
DA:173,0
DA:174,0
DA:175,0
DA:176,0
DA:177,0
DA:178,1
DA:179,1
DA:180,0
DA:181,0
DA:182,0
DA:183,0
DA:184,0
DA:185,0
DA:186,0
DA:187,0
DA:188,0
DA:189,0
DA:190,0
DA:191,0
DA:192,1
DA:193,1
DA:194,0
DA:195,0
DA:196,0
DA:197,0
DA:198,0
DA:199,0
DA:200,0
DA:201,0
DA:202,0
DA:203,0
DA:204,0
DA:205,0
DA:206,1
DA:207,1
DA:208,1
DA:209,1
DA:210,0
DA:211,0
DA:212,0
DA:213,0
DA:214,0
DA:215,1
DA:216,1
DA:217,0
DA:218,0
DA:219,0
DA:220,0
DA:221,0
DA:222,0
DA:223,0
DA:224,0
DA:225,1
DA:226,1
DA:227,0
DA:228,0
DA:229,0
DA:230,0
DA:231,0
DA:232,0
DA:233,0
DA:234,0
DA:235,0
LF:235
LH:87
BRDA:2,0,0,1
BRDA:2,1,0,0
BRDA:2,2,0,0
BRDA:2,3,0,0
BRDA:2,4,0,0
BRDA:2,5,0,0
BRDA:2,6,0,0
BRDA:2,7,0,13
BRDA:2,8,0,2
BRDA:2,9,0,6
BRDA:2,10,0,1
BRDA:2,11,0,0
BRDA:2,12,0,0
BRDA:2,13,0,0
BRDA:2,14,0,1
BRDA:2,15,0,0
BRDA:2,16,0,1
BRDA:38,17,0,1
BRF:18
BRH:8
end_of_record
TN:
SF:src/utils/cookie.ts
FN:1,getCookie
FN:13,setCookie
FN:45,deleteCookie
FNF:3
FNH:0
FNDA:0,getCookie
FNDA:0,setCookie
FNDA:0,deleteCookie
DA:1,1
DA:2,0
DA:3,0
DA:4,0
DA:5,0
DA:6,0
DA:7,0
DA:8,0
DA:9,0
DA:10,0
DA:11,0
DA:12,1
DA:13,1
DA:14,0
DA:15,0
DA:16,0
DA:17,0
DA:18,0
DA:19,0
DA:20,0
DA:21,0
DA:22,0
DA:23,0
DA:24,0
DA:25,0
DA:26,0
DA:27,0
DA:28,0
DA:29,0
DA:30,0
DA:31,0
DA:32,0
DA:33,0
DA:34,0
DA:35,0
DA:36,0
DA:37,0
DA:38,0
DA:39,0
DA:40,0
DA:41,0
DA:42,0
DA:43,0
DA:44,1
DA:45,1
DA:46,0
DA:47,0
LF:47
LH:5
BRF:0
BRH:0
end_of_record
